2021-04-14 13:04:09.7669||INFO|Microsoft.Hosting.Lifetime|Now listening on: https://localhost:5001 
2021-04-14 13:04:09.8186||INFO|Microsoft.Hosting.Lifetime|Now listening on: http://localhost:5000 
2021-04-14 13:04:09.8186||INFO|Microsoft.Hosting.Lifetime|Application started. Press Ctrl+C to shut down. 
2021-04-14 13:04:09.8186||INFO|Microsoft.Hosting.Lifetime|Hosting environment: Development 
2021-04-14 13:04:09.8186||INFO|Microsoft.Hosting.Lifetime|Content root path: D:\csharp\RestaurantAPI\'RestaurantAPI' 
2021-04-14 13:09:45.2209||INFO|Microsoft.Hosting.Lifetime|Application is shutting down... 
2021-04-14 13:31:20.1913||INFO|Microsoft.Hosting.Lifetime|Now listening on: https://localhost:5001 
2021-04-14 13:31:20.2166||INFO|Microsoft.Hosting.Lifetime|Now listening on: http://localhost:5000 
2021-04-14 13:31:20.2166||INFO|Microsoft.Hosting.Lifetime|Application started. Press Ctrl+C to shut down. 
2021-04-14 13:31:20.2166||INFO|Microsoft.Hosting.Lifetime|Hosting environment: Development 
2021-04-14 13:31:20.2166||INFO|Microsoft.Hosting.Lifetime|Content root path: D:\csharp\RestaurantAPI\'RestaurantAPI' 
2021-04-14 14:29:41.5870||INFO|Microsoft.Hosting.Lifetime|Now listening on: https://localhost:5001 
2021-04-14 14:29:41.6625||INFO|Microsoft.Hosting.Lifetime|Now listening on: http://localhost:5000 
2021-04-14 14:29:41.6625||INFO|Microsoft.Hosting.Lifetime|Application started. Press Ctrl+C to shut down. 
2021-04-14 14:29:41.6625||INFO|Microsoft.Hosting.Lifetime|Hosting environment: Development 
2021-04-14 14:29:41.6625||INFO|Microsoft.Hosting.Lifetime|Content root path: D:\csharp\RestaurantAPI\'RestaurantAPI' 
2021-04-14 14:31:43.0875||ERROR|_RestaurantAPI_.Middleware.ErrorHandlingMiddleware|Object reference not set to an instance of an object. System.NullReferenceException: Object reference not set to an instance of an object.
   at _RestaurantAPI_.Authorization.MinimumAgeRequirementHandler.HandleRequirementAsync(AuthorizationHandlerContext context, MinimumAgeRequirement requirement) in D:\csharp\RestaurantAPI\'RestaurantAPI'\Authorization\MinimumAgeRequirementHandler.cs:line 22
   at Microsoft.AspNetCore.Authorization.AuthorizationHandler`1.HandleAsync(AuthorizationHandlerContext context)
   at Microsoft.AspNetCore.Authorization.DefaultAuthorizationService.AuthorizeAsync(ClaimsPrincipal user, Object resource, IEnumerable`1 requirements)
   at Microsoft.AspNetCore.Authorization.Policy.PolicyEvaluator.AuthorizeAsync(AuthorizationPolicy policy, AuthenticateResult authenticationResult, HttpContext context, Object resource)
   at Microsoft.AspNetCore.Authorization.AuthorizationMiddleware.Invoke(HttpContext context)
   at Swashbuckle.AspNetCore.SwaggerUI.SwaggerUIMiddleware.Invoke(HttpContext httpContext)
   at Swashbuckle.AspNetCore.Swagger.SwaggerMiddleware.Invoke(HttpContext httpContext, ISwaggerProvider swaggerProvider)
   at Microsoft.AspNetCore.Authentication.AuthenticationMiddleware.Invoke(HttpContext context)
   at _RestaurantAPI_.Middleware.RequestTimedOut.InvokeAsync(HttpContext context, RequestDelegate next) in D:\csharp\RestaurantAPI\'RestaurantAPI'\Middleware\RequestTimedOut.cs:line 25
   at Microsoft.AspNetCore.Builder.UseMiddlewareExtensions.<>c__DisplayClass6_1.<<UseMiddlewareInterface>b__1>d.MoveNext()
--- End of stack trace from previous location ---
   at _RestaurantAPI_.Middleware.ErrorHandlingMiddleware.InvokeAsync(HttpContext context, RequestDelegate next) in D:\csharp\RestaurantAPI\'RestaurantAPI'\Middleware\ErrorHandlingMiddleware.cs:line 23
2021-04-14 14:31:45.8605||ERROR|_RestaurantAPI_.Middleware.ErrorHandlingMiddleware|Object reference not set to an instance of an object. System.NullReferenceException: Object reference not set to an instance of an object.
   at _RestaurantAPI_.Authorization.MinimumAgeRequirementHandler.HandleRequirementAsync(AuthorizationHandlerContext context, MinimumAgeRequirement requirement) in D:\csharp\RestaurantAPI\'RestaurantAPI'\Authorization\MinimumAgeRequirementHandler.cs:line 22
   at Microsoft.AspNetCore.Authorization.AuthorizationHandler`1.HandleAsync(AuthorizationHandlerContext context)
   at Microsoft.AspNetCore.Authorization.DefaultAuthorizationService.AuthorizeAsync(ClaimsPrincipal user, Object resource, IEnumerable`1 requirements)
   at Microsoft.AspNetCore.Authorization.Policy.PolicyEvaluator.AuthorizeAsync(AuthorizationPolicy policy, AuthenticateResult authenticationResult, HttpContext context, Object resource)
   at Microsoft.AspNetCore.Authorization.AuthorizationMiddleware.Invoke(HttpContext context)
   at Swashbuckle.AspNetCore.SwaggerUI.SwaggerUIMiddleware.Invoke(HttpContext httpContext)
   at Swashbuckle.AspNetCore.Swagger.SwaggerMiddleware.Invoke(HttpContext httpContext, ISwaggerProvider swaggerProvider)
   at Microsoft.AspNetCore.Authentication.AuthenticationMiddleware.Invoke(HttpContext context)
   at _RestaurantAPI_.Middleware.RequestTimedOut.InvokeAsync(HttpContext context, RequestDelegate next) in D:\csharp\RestaurantAPI\'RestaurantAPI'\Middleware\RequestTimedOut.cs:line 25
   at Microsoft.AspNetCore.Builder.UseMiddlewareExtensions.<>c__DisplayClass6_1.<<UseMiddlewareInterface>b__1>d.MoveNext()
--- End of stack trace from previous location ---
   at _RestaurantAPI_.Middleware.ErrorHandlingMiddleware.InvokeAsync(HttpContext context, RequestDelegate next) in D:\csharp\RestaurantAPI\'RestaurantAPI'\Middleware\ErrorHandlingMiddleware.cs:line 23
2021-04-14 14:32:41.6466||ERROR|_RestaurantAPI_.Middleware.ErrorHandlingMiddleware|Object reference not set to an instance of an object. System.NullReferenceException: Object reference not set to an instance of an object.
   at _RestaurantAPI_.Authorization.MinimumAgeRequirementHandler.HandleRequirementAsync(AuthorizationHandlerContext context, MinimumAgeRequirement requirement) in D:\csharp\RestaurantAPI\'RestaurantAPI'\Authorization\MinimumAgeRequirementHandler.cs:line 22
   at Microsoft.AspNetCore.Authorization.AuthorizationHandler`1.HandleAsync(AuthorizationHandlerContext context)
   at Microsoft.AspNetCore.Authorization.DefaultAuthorizationService.AuthorizeAsync(ClaimsPrincipal user, Object resource, IEnumerable`1 requirements)
   at Microsoft.AspNetCore.Authorization.Policy.PolicyEvaluator.AuthorizeAsync(AuthorizationPolicy policy, AuthenticateResult authenticationResult, HttpContext context, Object resource)
   at Microsoft.AspNetCore.Authorization.AuthorizationMiddleware.Invoke(HttpContext context)
   at Swashbuckle.AspNetCore.SwaggerUI.SwaggerUIMiddleware.Invoke(HttpContext httpContext)
   at Swashbuckle.AspNetCore.Swagger.SwaggerMiddleware.Invoke(HttpContext httpContext, ISwaggerProvider swaggerProvider)
   at Microsoft.AspNetCore.Authentication.AuthenticationMiddleware.Invoke(HttpContext context)
   at _RestaurantAPI_.Middleware.RequestTimedOut.InvokeAsync(HttpContext context, RequestDelegate next) in D:\csharp\RestaurantAPI\'RestaurantAPI'\Middleware\RequestTimedOut.cs:line 25
   at Microsoft.AspNetCore.Builder.UseMiddlewareExtensions.<>c__DisplayClass6_1.<<UseMiddlewareInterface>b__1>d.MoveNext()
--- End of stack trace from previous location ---
   at _RestaurantAPI_.Middleware.ErrorHandlingMiddleware.InvokeAsync(HttpContext context, RequestDelegate next) in D:\csharp\RestaurantAPI\'RestaurantAPI'\Middleware\ErrorHandlingMiddleware.cs:line 23
2021-04-14 14:33:25.8020||ERROR|_RestaurantAPI_.Middleware.ErrorHandlingMiddleware|Object reference not set to an instance of an object. System.NullReferenceException: Object reference not set to an instance of an object.
   at _RestaurantAPI_.Authorization.MinimumAgeRequirementHandler.HandleRequirementAsync(AuthorizationHandlerContext context, MinimumAgeRequirement requirement) in D:\csharp\RestaurantAPI\'RestaurantAPI'\Authorization\MinimumAgeRequirementHandler.cs:line 22
   at Microsoft.AspNetCore.Authorization.AuthorizationHandler`1.HandleAsync(AuthorizationHandlerContext context)
   at Microsoft.AspNetCore.Authorization.DefaultAuthorizationService.AuthorizeAsync(ClaimsPrincipal user, Object resource, IEnumerable`1 requirements)
   at Microsoft.AspNetCore.Authorization.Policy.PolicyEvaluator.AuthorizeAsync(AuthorizationPolicy policy, AuthenticateResult authenticationResult, HttpContext context, Object resource)
   at Microsoft.AspNetCore.Authorization.AuthorizationMiddleware.Invoke(HttpContext context)
   at Swashbuckle.AspNetCore.SwaggerUI.SwaggerUIMiddleware.Invoke(HttpContext httpContext)
   at Swashbuckle.AspNetCore.Swagger.SwaggerMiddleware.Invoke(HttpContext httpContext, ISwaggerProvider swaggerProvider)
   at Microsoft.AspNetCore.Authentication.AuthenticationMiddleware.Invoke(HttpContext context)
   at _RestaurantAPI_.Middleware.RequestTimedOut.InvokeAsync(HttpContext context, RequestDelegate next) in D:\csharp\RestaurantAPI\'RestaurantAPI'\Middleware\RequestTimedOut.cs:line 25
   at Microsoft.AspNetCore.Builder.UseMiddlewareExtensions.<>c__DisplayClass6_1.<<UseMiddlewareInterface>b__1>d.MoveNext()
--- End of stack trace from previous location ---
   at _RestaurantAPI_.Middleware.ErrorHandlingMiddleware.InvokeAsync(HttpContext context, RequestDelegate next) in D:\csharp\RestaurantAPI\'RestaurantAPI'\Middleware\ErrorHandlingMiddleware.cs:line 23
2021-04-14 14:33:30.3535||ERROR|_RestaurantAPI_.Middleware.ErrorHandlingMiddleware|Object reference not set to an instance of an object. System.NullReferenceException: Object reference not set to an instance of an object.
   at _RestaurantAPI_.Authorization.MinimumAgeRequirementHandler.HandleRequirementAsync(AuthorizationHandlerContext context, MinimumAgeRequirement requirement) in D:\csharp\RestaurantAPI\'RestaurantAPI'\Authorization\MinimumAgeRequirementHandler.cs:line 22
   at Microsoft.AspNetCore.Authorization.AuthorizationHandler`1.HandleAsync(AuthorizationHandlerContext context)
   at Microsoft.AspNetCore.Authorization.DefaultAuthorizationService.AuthorizeAsync(ClaimsPrincipal user, Object resource, IEnumerable`1 requirements)
   at Microsoft.AspNetCore.Authorization.Policy.PolicyEvaluator.AuthorizeAsync(AuthorizationPolicy policy, AuthenticateResult authenticationResult, HttpContext context, Object resource)
   at Microsoft.AspNetCore.Authorization.AuthorizationMiddleware.Invoke(HttpContext context)
   at Swashbuckle.AspNetCore.SwaggerUI.SwaggerUIMiddleware.Invoke(HttpContext httpContext)
   at Swashbuckle.AspNetCore.Swagger.SwaggerMiddleware.Invoke(HttpContext httpContext, ISwaggerProvider swaggerProvider)
   at Microsoft.AspNetCore.Authentication.AuthenticationMiddleware.Invoke(HttpContext context)
   at _RestaurantAPI_.Middleware.RequestTimedOut.InvokeAsync(HttpContext context, RequestDelegate next) in D:\csharp\RestaurantAPI\'RestaurantAPI'\Middleware\RequestTimedOut.cs:line 25
   at Microsoft.AspNetCore.Builder.UseMiddlewareExtensions.<>c__DisplayClass6_1.<<UseMiddlewareInterface>b__1>d.MoveNext()
--- End of stack trace from previous location ---
   at _RestaurantAPI_.Middleware.ErrorHandlingMiddleware.InvokeAsync(HttpContext context, RequestDelegate next) in D:\csharp\RestaurantAPI\'RestaurantAPI'\Middleware\ErrorHandlingMiddleware.cs:line 23
2021-04-14 14:33:33.0249||ERROR|_RestaurantAPI_.Middleware.ErrorHandlingMiddleware|Object reference not set to an instance of an object. System.NullReferenceException: Object reference not set to an instance of an object.
   at _RestaurantAPI_.Authorization.MinimumAgeRequirementHandler.HandleRequirementAsync(AuthorizationHandlerContext context, MinimumAgeRequirement requirement) in D:\csharp\RestaurantAPI\'RestaurantAPI'\Authorization\MinimumAgeRequirementHandler.cs:line 22
   at Microsoft.AspNetCore.Authorization.AuthorizationHandler`1.HandleAsync(AuthorizationHandlerContext context)
   at Microsoft.AspNetCore.Authorization.DefaultAuthorizationService.AuthorizeAsync(ClaimsPrincipal user, Object resource, IEnumerable`1 requirements)
   at Microsoft.AspNetCore.Authorization.Policy.PolicyEvaluator.AuthorizeAsync(AuthorizationPolicy policy, AuthenticateResult authenticationResult, HttpContext context, Object resource)
   at Microsoft.AspNetCore.Authorization.AuthorizationMiddleware.Invoke(HttpContext context)
   at Swashbuckle.AspNetCore.SwaggerUI.SwaggerUIMiddleware.Invoke(HttpContext httpContext)
   at Swashbuckle.AspNetCore.Swagger.SwaggerMiddleware.Invoke(HttpContext httpContext, ISwaggerProvider swaggerProvider)
   at Microsoft.AspNetCore.Authentication.AuthenticationMiddleware.Invoke(HttpContext context)
   at _RestaurantAPI_.Middleware.RequestTimedOut.InvokeAsync(HttpContext context, RequestDelegate next) in D:\csharp\RestaurantAPI\'RestaurantAPI'\Middleware\RequestTimedOut.cs:line 25
   at Microsoft.AspNetCore.Builder.UseMiddlewareExtensions.<>c__DisplayClass6_1.<<UseMiddlewareInterface>b__1>d.MoveNext()
--- End of stack trace from previous location ---
   at _RestaurantAPI_.Middleware.ErrorHandlingMiddleware.InvokeAsync(HttpContext context, RequestDelegate next) in D:\csharp\RestaurantAPI\'RestaurantAPI'\Middleware\ErrorHandlingMiddleware.cs:line 23
2021-04-14 14:33:37.6502||ERROR|_RestaurantAPI_.Middleware.ErrorHandlingMiddleware|Object reference not set to an instance of an object. System.NullReferenceException: Object reference not set to an instance of an object.
   at _RestaurantAPI_.Authorization.MinimumAgeRequirementHandler.HandleRequirementAsync(AuthorizationHandlerContext context, MinimumAgeRequirement requirement) in D:\csharp\RestaurantAPI\'RestaurantAPI'\Authorization\MinimumAgeRequirementHandler.cs:line 22
   at Microsoft.AspNetCore.Authorization.AuthorizationHandler`1.HandleAsync(AuthorizationHandlerContext context)
   at Microsoft.AspNetCore.Authorization.DefaultAuthorizationService.AuthorizeAsync(ClaimsPrincipal user, Object resource, IEnumerable`1 requirements)
   at Microsoft.AspNetCore.Authorization.Policy.PolicyEvaluator.AuthorizeAsync(AuthorizationPolicy policy, AuthenticateResult authenticationResult, HttpContext context, Object resource)
   at Microsoft.AspNetCore.Authorization.AuthorizationMiddleware.Invoke(HttpContext context)
   at Swashbuckle.AspNetCore.SwaggerUI.SwaggerUIMiddleware.Invoke(HttpContext httpContext)
   at Swashbuckle.AspNetCore.Swagger.SwaggerMiddleware.Invoke(HttpContext httpContext, ISwaggerProvider swaggerProvider)
   at Microsoft.AspNetCore.Authentication.AuthenticationMiddleware.Invoke(HttpContext context)
   at _RestaurantAPI_.Middleware.RequestTimedOut.InvokeAsync(HttpContext context, RequestDelegate next) in D:\csharp\RestaurantAPI\'RestaurantAPI'\Middleware\RequestTimedOut.cs:line 25
   at Microsoft.AspNetCore.Builder.UseMiddlewareExtensions.<>c__DisplayClass6_1.<<UseMiddlewareInterface>b__1>d.MoveNext()
--- End of stack trace from previous location ---
   at _RestaurantAPI_.Middleware.ErrorHandlingMiddleware.InvokeAsync(HttpContext context, RequestDelegate next) in D:\csharp\RestaurantAPI\'RestaurantAPI'\Middleware\ErrorHandlingMiddleware.cs:line 23
2021-04-14 14:33:46.1568||ERROR|_RestaurantAPI_.Middleware.ErrorHandlingMiddleware|Object reference not set to an instance of an object. System.NullReferenceException: Object reference not set to an instance of an object.
   at _RestaurantAPI_.Authorization.MinimumAgeRequirementHandler.HandleRequirementAsync(AuthorizationHandlerContext context, MinimumAgeRequirement requirement) in D:\csharp\RestaurantAPI\'RestaurantAPI'\Authorization\MinimumAgeRequirementHandler.cs:line 22
   at Microsoft.AspNetCore.Authorization.AuthorizationHandler`1.HandleAsync(AuthorizationHandlerContext context)
   at Microsoft.AspNetCore.Authorization.DefaultAuthorizationService.AuthorizeAsync(ClaimsPrincipal user, Object resource, IEnumerable`1 requirements)
   at Microsoft.AspNetCore.Authorization.Policy.PolicyEvaluator.AuthorizeAsync(AuthorizationPolicy policy, AuthenticateResult authenticationResult, HttpContext context, Object resource)
   at Microsoft.AspNetCore.Authorization.AuthorizationMiddleware.Invoke(HttpContext context)
   at Swashbuckle.AspNetCore.SwaggerUI.SwaggerUIMiddleware.Invoke(HttpContext httpContext)
   at Swashbuckle.AspNetCore.Swagger.SwaggerMiddleware.Invoke(HttpContext httpContext, ISwaggerProvider swaggerProvider)
   at Microsoft.AspNetCore.Authentication.AuthenticationMiddleware.Invoke(HttpContext context)
   at _RestaurantAPI_.Middleware.RequestTimedOut.InvokeAsync(HttpContext context, RequestDelegate next) in D:\csharp\RestaurantAPI\'RestaurantAPI'\Middleware\RequestTimedOut.cs:line 25
   at Microsoft.AspNetCore.Builder.UseMiddlewareExtensions.<>c__DisplayClass6_1.<<UseMiddlewareInterface>b__1>d.MoveNext()
--- End of stack trace from previous location ---
   at _RestaurantAPI_.Middleware.ErrorHandlingMiddleware.InvokeAsync(HttpContext context, RequestDelegate next) in D:\csharp\RestaurantAPI\'RestaurantAPI'\Middleware\ErrorHandlingMiddleware.cs:line 23
2021-04-14 14:35:25.6593||INFO|Microsoft.Hosting.Lifetime|Now listening on: https://localhost:5001 
2021-04-14 14:35:25.6840||INFO|Microsoft.Hosting.Lifetime|Now listening on: http://localhost:5000 
2021-04-14 14:35:25.6840||INFO|Microsoft.Hosting.Lifetime|Application started. Press Ctrl+C to shut down. 
2021-04-14 14:35:25.6840||INFO|Microsoft.Hosting.Lifetime|Hosting environment: Development 
2021-04-14 14:35:25.6840||INFO|Microsoft.Hosting.Lifetime|Content root path: D:\csharp\RestaurantAPI\'RestaurantAPI' 
2021-04-14 14:35:33.0558||INFO|Microsoft.Hosting.Lifetime|Now listening on: https://localhost:5001 
2021-04-14 14:35:33.0803||INFO|Microsoft.Hosting.Lifetime|Now listening on: http://localhost:5000 
2021-04-14 14:35:33.0803||INFO|Microsoft.Hosting.Lifetime|Application started. Press Ctrl+C to shut down. 
2021-04-14 14:35:33.0803||INFO|Microsoft.Hosting.Lifetime|Hosting environment: Development 
2021-04-14 14:35:33.0803||INFO|Microsoft.Hosting.Lifetime|Content root path: D:\csharp\RestaurantAPI\'RestaurantAPI' 
2021-04-14 14:35:40.6575||ERROR|_RestaurantAPI_.Middleware.ErrorHandlingMiddleware|Object reference not set to an instance of an object. System.NullReferenceException: Object reference not set to an instance of an object.
   at _RestaurantAPI_.Authorization.MinimumAgeRequirementHandler.HandleRequirementAsync(AuthorizationHandlerContext context, MinimumAgeRequirement requirement) in D:\csharp\RestaurantAPI\'RestaurantAPI'\Authorization\MinimumAgeRequirementHandler.cs:line 22
   at Microsoft.AspNetCore.Authorization.AuthorizationHandler`1.HandleAsync(AuthorizationHandlerContext context)
   at Microsoft.AspNetCore.Authorization.DefaultAuthorizationService.AuthorizeAsync(ClaimsPrincipal user, Object resource, IEnumerable`1 requirements)
   at Microsoft.AspNetCore.Authorization.Policy.PolicyEvaluator.AuthorizeAsync(AuthorizationPolicy policy, AuthenticateResult authenticationResult, HttpContext context, Object resource)
   at Microsoft.AspNetCore.Authorization.AuthorizationMiddleware.Invoke(HttpContext context)
   at Swashbuckle.AspNetCore.SwaggerUI.SwaggerUIMiddleware.Invoke(HttpContext httpContext)
   at Swashbuckle.AspNetCore.Swagger.SwaggerMiddleware.Invoke(HttpContext httpContext, ISwaggerProvider swaggerProvider)
   at Microsoft.AspNetCore.Authentication.AuthenticationMiddleware.Invoke(HttpContext context)
   at _RestaurantAPI_.Middleware.RequestTimedOut.InvokeAsync(HttpContext context, RequestDelegate next) in D:\csharp\RestaurantAPI\'RestaurantAPI'\Middleware\RequestTimedOut.cs:line 25
   at Microsoft.AspNetCore.Builder.UseMiddlewareExtensions.<>c__DisplayClass6_1.<<UseMiddlewareInterface>b__1>d.MoveNext()
--- End of stack trace from previous location ---
   at _RestaurantAPI_.Middleware.ErrorHandlingMiddleware.InvokeAsync(HttpContext context, RequestDelegate next) in D:\csharp\RestaurantAPI\'RestaurantAPI'\Middleware\ErrorHandlingMiddleware.cs:line 23
2021-04-14 14:37:25.9085||INFO|Microsoft.Hosting.Lifetime|Now listening on: https://localhost:5001 
2021-04-14 14:37:25.9515||INFO|Microsoft.Hosting.Lifetime|Now listening on: http://localhost:5000 
2021-04-14 14:37:25.9515||INFO|Microsoft.Hosting.Lifetime|Application started. Press Ctrl+C to shut down. 
2021-04-14 14:37:25.9515||INFO|Microsoft.Hosting.Lifetime|Hosting environment: Development 
2021-04-14 14:37:25.9576||INFO|Microsoft.Hosting.Lifetime|Content root path: D:\csharp\RestaurantAPI\'RestaurantAPI' 
2021-04-14 14:37:30.5315||ERROR|_RestaurantAPI_.Middleware.ErrorHandlingMiddleware|Object reference not set to an instance of an object. System.NullReferenceException: Object reference not set to an instance of an object.
   at _RestaurantAPI_.Authorization.MinimumAgeRequirementHandler.HandleRequirementAsync(AuthorizationHandlerContext context, MinimumAgeRequirement requirement) in D:\csharp\RestaurantAPI\'RestaurantAPI'\Authorization\MinimumAgeRequirementHandler.cs:line 22
   at Microsoft.AspNetCore.Authorization.AuthorizationHandler`1.HandleAsync(AuthorizationHandlerContext context)
   at Microsoft.AspNetCore.Authorization.DefaultAuthorizationService.AuthorizeAsync(ClaimsPrincipal user, Object resource, IEnumerable`1 requirements)
   at Microsoft.AspNetCore.Authorization.Policy.PolicyEvaluator.AuthorizeAsync(AuthorizationPolicy policy, AuthenticateResult authenticationResult, HttpContext context, Object resource)
   at Microsoft.AspNetCore.Authorization.AuthorizationMiddleware.Invoke(HttpContext context)
   at Swashbuckle.AspNetCore.SwaggerUI.SwaggerUIMiddleware.Invoke(HttpContext httpContext)
   at Swashbuckle.AspNetCore.Swagger.SwaggerMiddleware.Invoke(HttpContext httpContext, ISwaggerProvider swaggerProvider)
   at Microsoft.AspNetCore.Authentication.AuthenticationMiddleware.Invoke(HttpContext context)
   at _RestaurantAPI_.Middleware.RequestTimedOut.InvokeAsync(HttpContext context, RequestDelegate next) in D:\csharp\RestaurantAPI\'RestaurantAPI'\Middleware\RequestTimedOut.cs:line 25
   at Microsoft.AspNetCore.Builder.UseMiddlewareExtensions.<>c__DisplayClass6_1.<<UseMiddlewareInterface>b__1>d.MoveNext()
--- End of stack trace from previous location ---
   at _RestaurantAPI_.Middleware.ErrorHandlingMiddleware.InvokeAsync(HttpContext context, RequestDelegate next) in D:\csharp\RestaurantAPI\'RestaurantAPI'\Middleware\ErrorHandlingMiddleware.cs:line 23
2021-04-14 14:37:44.1403||INFO|Microsoft.Hosting.Lifetime|Now listening on: https://localhost:5001 
2021-04-14 14:37:44.1643||INFO|Microsoft.Hosting.Lifetime|Now listening on: http://localhost:5000 
2021-04-14 14:37:44.1643||INFO|Microsoft.Hosting.Lifetime|Application started. Press Ctrl+C to shut down. 
2021-04-14 14:37:44.1643||INFO|Microsoft.Hosting.Lifetime|Hosting environment: Development 
2021-04-14 14:37:44.1643||INFO|Microsoft.Hosting.Lifetime|Content root path: D:\csharp\RestaurantAPI\'RestaurantAPI' 
2021-04-14 14:37:48.2242||ERROR|_RestaurantAPI_.Middleware.ErrorHandlingMiddleware|Object reference not set to an instance of an object. System.NullReferenceException: Object reference not set to an instance of an object.
   at _RestaurantAPI_.Authorization.MinimumAgeRequirementHandler.HandleRequirementAsync(AuthorizationHandlerContext context, MinimumAgeRequirement requirement) in D:\csharp\RestaurantAPI\'RestaurantAPI'\Authorization\MinimumAgeRequirementHandler.cs:line 22
   at Microsoft.AspNetCore.Authorization.AuthorizationHandler`1.HandleAsync(AuthorizationHandlerContext context)
   at Microsoft.AspNetCore.Authorization.DefaultAuthorizationService.AuthorizeAsync(ClaimsPrincipal user, Object resource, IEnumerable`1 requirements)
   at Microsoft.AspNetCore.Authorization.Policy.PolicyEvaluator.AuthorizeAsync(AuthorizationPolicy policy, AuthenticateResult authenticationResult, HttpContext context, Object resource)
   at Microsoft.AspNetCore.Authorization.AuthorizationMiddleware.Invoke(HttpContext context)
   at Swashbuckle.AspNetCore.SwaggerUI.SwaggerUIMiddleware.Invoke(HttpContext httpContext)
   at Swashbuckle.AspNetCore.Swagger.SwaggerMiddleware.Invoke(HttpContext httpContext, ISwaggerProvider swaggerProvider)
   at Microsoft.AspNetCore.Authentication.AuthenticationMiddleware.Invoke(HttpContext context)
   at _RestaurantAPI_.Middleware.RequestTimedOut.InvokeAsync(HttpContext context, RequestDelegate next) in D:\csharp\RestaurantAPI\'RestaurantAPI'\Middleware\RequestTimedOut.cs:line 25
   at Microsoft.AspNetCore.Builder.UseMiddlewareExtensions.<>c__DisplayClass6_1.<<UseMiddlewareInterface>b__1>d.MoveNext()
--- End of stack trace from previous location ---
   at _RestaurantAPI_.Middleware.ErrorHandlingMiddleware.InvokeAsync(HttpContext context, RequestDelegate next) in D:\csharp\RestaurantAPI\'RestaurantAPI'\Middleware\ErrorHandlingMiddleware.cs:line 23
2021-04-14 14:39:22.6973||ERROR|_RestaurantAPI_.Middleware.ErrorHandlingMiddleware|Object reference not set to an instance of an object. System.NullReferenceException: Object reference not set to an instance of an object.
   at _RestaurantAPI_.Authorization.MinimumAgeRequirementHandler.HandleRequirementAsync(AuthorizationHandlerContext context, MinimumAgeRequirement requirement) in D:\csharp\RestaurantAPI\'RestaurantAPI'\Authorization\MinimumAgeRequirementHandler.cs:line 22
   at Microsoft.AspNetCore.Authorization.AuthorizationHandler`1.HandleAsync(AuthorizationHandlerContext context)
   at Microsoft.AspNetCore.Authorization.DefaultAuthorizationService.AuthorizeAsync(ClaimsPrincipal user, Object resource, IEnumerable`1 requirements)
   at Microsoft.AspNetCore.Authorization.Policy.PolicyEvaluator.AuthorizeAsync(AuthorizationPolicy policy, AuthenticateResult authenticationResult, HttpContext context, Object resource)
   at Microsoft.AspNetCore.Authorization.AuthorizationMiddleware.Invoke(HttpContext context)
   at Swashbuckle.AspNetCore.SwaggerUI.SwaggerUIMiddleware.Invoke(HttpContext httpContext)
   at Swashbuckle.AspNetCore.Swagger.SwaggerMiddleware.Invoke(HttpContext httpContext, ISwaggerProvider swaggerProvider)
   at Microsoft.AspNetCore.Authentication.AuthenticationMiddleware.Invoke(HttpContext context)
   at _RestaurantAPI_.Middleware.RequestTimedOut.InvokeAsync(HttpContext context, RequestDelegate next) in D:\csharp\RestaurantAPI\'RestaurantAPI'\Middleware\RequestTimedOut.cs:line 25
   at Microsoft.AspNetCore.Builder.UseMiddlewareExtensions.<>c__DisplayClass6_1.<<UseMiddlewareInterface>b__1>d.MoveNext()
--- End of stack trace from previous location ---
   at _RestaurantAPI_.Middleware.ErrorHandlingMiddleware.InvokeAsync(HttpContext context, RequestDelegate next) in D:\csharp\RestaurantAPI\'RestaurantAPI'\Middleware\ErrorHandlingMiddleware.cs:line 23
2021-04-14 14:39:23.5281||ERROR|_RestaurantAPI_.Middleware.ErrorHandlingMiddleware|Object reference not set to an instance of an object. System.NullReferenceException: Object reference not set to an instance of an object.
   at _RestaurantAPI_.Authorization.MinimumAgeRequirementHandler.HandleRequirementAsync(AuthorizationHandlerContext context, MinimumAgeRequirement requirement) in D:\csharp\RestaurantAPI\'RestaurantAPI'\Authorization\MinimumAgeRequirementHandler.cs:line 22
   at Microsoft.AspNetCore.Authorization.AuthorizationHandler`1.HandleAsync(AuthorizationHandlerContext context)
   at Microsoft.AspNetCore.Authorization.DefaultAuthorizationService.AuthorizeAsync(ClaimsPrincipal user, Object resource, IEnumerable`1 requirements)
   at Microsoft.AspNetCore.Authorization.Policy.PolicyEvaluator.AuthorizeAsync(AuthorizationPolicy policy, AuthenticateResult authenticationResult, HttpContext context, Object resource)
   at Microsoft.AspNetCore.Authorization.AuthorizationMiddleware.Invoke(HttpContext context)
   at Swashbuckle.AspNetCore.SwaggerUI.SwaggerUIMiddleware.Invoke(HttpContext httpContext)
   at Swashbuckle.AspNetCore.Swagger.SwaggerMiddleware.Invoke(HttpContext httpContext, ISwaggerProvider swaggerProvider)
   at Microsoft.AspNetCore.Authentication.AuthenticationMiddleware.Invoke(HttpContext context)
   at _RestaurantAPI_.Middleware.RequestTimedOut.InvokeAsync(HttpContext context, RequestDelegate next) in D:\csharp\RestaurantAPI\'RestaurantAPI'\Middleware\RequestTimedOut.cs:line 25
   at Microsoft.AspNetCore.Builder.UseMiddlewareExtensions.<>c__DisplayClass6_1.<<UseMiddlewareInterface>b__1>d.MoveNext()
--- End of stack trace from previous location ---
   at _RestaurantAPI_.Middleware.ErrorHandlingMiddleware.InvokeAsync(HttpContext context, RequestDelegate next) in D:\csharp\RestaurantAPI\'RestaurantAPI'\Middleware\ErrorHandlingMiddleware.cs:line 23
2021-04-14 14:39:59.1440||ERROR|_RestaurantAPI_.Middleware.ErrorHandlingMiddleware|Object reference not set to an instance of an object. System.NullReferenceException: Object reference not set to an instance of an object.
   at _RestaurantAPI_.Authorization.MinimumAgeRequirementHandler.HandleRequirementAsync(AuthorizationHandlerContext context, MinimumAgeRequirement requirement) in D:\csharp\RestaurantAPI\'RestaurantAPI'\Authorization\MinimumAgeRequirementHandler.cs:line 22
   at Microsoft.AspNetCore.Authorization.AuthorizationHandler`1.HandleAsync(AuthorizationHandlerContext context)
   at Microsoft.AspNetCore.Authorization.DefaultAuthorizationService.AuthorizeAsync(ClaimsPrincipal user, Object resource, IEnumerable`1 requirements)
   at Microsoft.AspNetCore.Authorization.Policy.PolicyEvaluator.AuthorizeAsync(AuthorizationPolicy policy, AuthenticateResult authenticationResult, HttpContext context, Object resource)
   at Microsoft.AspNetCore.Authorization.AuthorizationMiddleware.Invoke(HttpContext context)
   at Swashbuckle.AspNetCore.SwaggerUI.SwaggerUIMiddleware.Invoke(HttpContext httpContext)
   at Swashbuckle.AspNetCore.Swagger.SwaggerMiddleware.Invoke(HttpContext httpContext, ISwaggerProvider swaggerProvider)
   at Microsoft.AspNetCore.Authentication.AuthenticationMiddleware.Invoke(HttpContext context)
   at _RestaurantAPI_.Middleware.RequestTimedOut.InvokeAsync(HttpContext context, RequestDelegate next) in D:\csharp\RestaurantAPI\'RestaurantAPI'\Middleware\RequestTimedOut.cs:line 25
   at Microsoft.AspNetCore.Builder.UseMiddlewareExtensions.<>c__DisplayClass6_1.<<UseMiddlewareInterface>b__1>d.MoveNext()
--- End of stack trace from previous location ---
   at _RestaurantAPI_.Middleware.ErrorHandlingMiddleware.InvokeAsync(HttpContext context, RequestDelegate next) in D:\csharp\RestaurantAPI\'RestaurantAPI'\Middleware\ErrorHandlingMiddleware.cs:line 23
2021-04-14 14:41:56.9624||INFO|Microsoft.Hosting.Lifetime|Now listening on: https://localhost:5001 
2021-04-14 14:41:56.9893||INFO|Microsoft.Hosting.Lifetime|Now listening on: http://localhost:5000 
2021-04-14 14:41:56.9893||INFO|Microsoft.Hosting.Lifetime|Application started. Press Ctrl+C to shut down. 
2021-04-14 14:41:56.9893||INFO|Microsoft.Hosting.Lifetime|Hosting environment: Development 
2021-04-14 14:41:56.9893||INFO|Microsoft.Hosting.Lifetime|Content root path: D:\csharp\RestaurantAPI\'RestaurantAPI' 
2021-04-14 14:41:59.0858||ERROR|_RestaurantAPI_.Middleware.ErrorHandlingMiddleware|Object reference not set to an instance of an object. System.NullReferenceException: Object reference not set to an instance of an object.
   at _RestaurantAPI_.Authorization.MinimumAgeRequirementHandler.HandleRequirementAsync(AuthorizationHandlerContext context, MinimumAgeRequirement requirement) in D:\csharp\RestaurantAPI\'RestaurantAPI'\Authorization\MinimumAgeRequirementHandler.cs:line 22
   at Microsoft.AspNetCore.Authorization.AuthorizationHandler`1.HandleAsync(AuthorizationHandlerContext context)
   at Microsoft.AspNetCore.Authorization.DefaultAuthorizationService.AuthorizeAsync(ClaimsPrincipal user, Object resource, IEnumerable`1 requirements)
   at Microsoft.AspNetCore.Authorization.Policy.PolicyEvaluator.AuthorizeAsync(AuthorizationPolicy policy, AuthenticateResult authenticationResult, HttpContext context, Object resource)
   at Microsoft.AspNetCore.Authorization.AuthorizationMiddleware.Invoke(HttpContext context)
   at Swashbuckle.AspNetCore.SwaggerUI.SwaggerUIMiddleware.Invoke(HttpContext httpContext)
   at Swashbuckle.AspNetCore.Swagger.SwaggerMiddleware.Invoke(HttpContext httpContext, ISwaggerProvider swaggerProvider)
   at Microsoft.AspNetCore.Authentication.AuthenticationMiddleware.Invoke(HttpContext context)
   at _RestaurantAPI_.Middleware.RequestTimedOut.InvokeAsync(HttpContext context, RequestDelegate next) in D:\csharp\RestaurantAPI\'RestaurantAPI'\Middleware\RequestTimedOut.cs:line 25
   at Microsoft.AspNetCore.Builder.UseMiddlewareExtensions.<>c__DisplayClass6_1.<<UseMiddlewareInterface>b__1>d.MoveNext()
--- End of stack trace from previous location ---
   at _RestaurantAPI_.Middleware.ErrorHandlingMiddleware.InvokeAsync(HttpContext context, RequestDelegate next) in D:\csharp\RestaurantAPI\'RestaurantAPI'\Middleware\ErrorHandlingMiddleware.cs:line 23
2021-04-14 14:42:20.6605||INFO|Microsoft.Hosting.Lifetime|Now listening on: https://localhost:5001 
2021-04-14 14:42:20.6845||INFO|Microsoft.Hosting.Lifetime|Now listening on: http://localhost:5000 
2021-04-14 14:42:20.6845||INFO|Microsoft.Hosting.Lifetime|Application started. Press Ctrl+C to shut down. 
2021-04-14 14:42:20.6845||INFO|Microsoft.Hosting.Lifetime|Hosting environment: Development 
2021-04-14 14:42:20.6845||INFO|Microsoft.Hosting.Lifetime|Content root path: D:\csharp\RestaurantAPI\'RestaurantAPI' 
2021-04-14 14:42:22.4136||ERROR|_RestaurantAPI_.Middleware.ErrorHandlingMiddleware|Object reference not set to an instance of an object. System.NullReferenceException: Object reference not set to an instance of an object.
   at _RestaurantAPI_.Authorization.MinimumAgeRequirementHandler.HandleRequirementAsync(AuthorizationHandlerContext context, MinimumAgeRequirement requirement) in D:\csharp\RestaurantAPI\'RestaurantAPI'\Authorization\MinimumAgeRequirementHandler.cs:line 22
   at Microsoft.AspNetCore.Authorization.AuthorizationHandler`1.HandleAsync(AuthorizationHandlerContext context)
   at Microsoft.AspNetCore.Authorization.DefaultAuthorizationService.AuthorizeAsync(ClaimsPrincipal user, Object resource, IEnumerable`1 requirements)
   at Microsoft.AspNetCore.Authorization.Policy.PolicyEvaluator.AuthorizeAsync(AuthorizationPolicy policy, AuthenticateResult authenticationResult, HttpContext context, Object resource)
   at Microsoft.AspNetCore.Authorization.AuthorizationMiddleware.Invoke(HttpContext context)
   at Swashbuckle.AspNetCore.SwaggerUI.SwaggerUIMiddleware.Invoke(HttpContext httpContext)
   at Swashbuckle.AspNetCore.Swagger.SwaggerMiddleware.Invoke(HttpContext httpContext, ISwaggerProvider swaggerProvider)
   at Microsoft.AspNetCore.Authentication.AuthenticationMiddleware.Invoke(HttpContext context)
   at _RestaurantAPI_.Middleware.RequestTimedOut.InvokeAsync(HttpContext context, RequestDelegate next) in D:\csharp\RestaurantAPI\'RestaurantAPI'\Middleware\RequestTimedOut.cs:line 25
   at Microsoft.AspNetCore.Builder.UseMiddlewareExtensions.<>c__DisplayClass6_1.<<UseMiddlewareInterface>b__1>d.MoveNext()
--- End of stack trace from previous location ---
   at _RestaurantAPI_.Middleware.ErrorHandlingMiddleware.InvokeAsync(HttpContext context, RequestDelegate next) in D:\csharp\RestaurantAPI\'RestaurantAPI'\Middleware\ErrorHandlingMiddleware.cs:line 23
2021-04-14 14:47:20.7635||INFO|Microsoft.Hosting.Lifetime|Now listening on: https://localhost:5001 
2021-04-14 14:47:20.7880||INFO|Microsoft.Hosting.Lifetime|Now listening on: http://localhost:5000 
2021-04-14 14:47:20.7880||INFO|Microsoft.Hosting.Lifetime|Application started. Press Ctrl+C to shut down. 
2021-04-14 14:47:20.7880||INFO|Microsoft.Hosting.Lifetime|Hosting environment: Development 
2021-04-14 14:47:20.7880||INFO|Microsoft.Hosting.Lifetime|Content root path: D:\csharp\RestaurantAPI\'RestaurantAPI' 
2021-04-14 14:47:31.6601||INFO|_RestaurantAPI_.Authorization.MinimumAgeRequirementHandler|Authorisation succedded 
2021-04-14 14:47:32.9033||INFO|_RestaurantAPI_.Authorization.MinimumAgeRequirementHandler|Authorisation succedded 
2021-04-14 14:48:02.6310||INFO|Microsoft.Hosting.Lifetime|Now listening on: https://localhost:5001 
2021-04-14 14:48:02.6710||INFO|Microsoft.Hosting.Lifetime|Now listening on: http://localhost:5000 
2021-04-14 14:48:02.6710||INFO|Microsoft.Hosting.Lifetime|Application started. Press Ctrl+C to shut down. 
2021-04-14 14:48:02.6710||INFO|Microsoft.Hosting.Lifetime|Hosting environment: Development 
2021-04-14 14:48:02.6710||INFO|Microsoft.Hosting.Lifetime|Content root path: D:\csharp\RestaurantAPI\'RestaurantAPI' 
2021-04-14 14:48:05.3756||INFO|_RestaurantAPI_.Authorization.MinimumAgeRequirementHandler|Authorisation succedded 
2021-04-14 14:49:54.1292||INFO|Microsoft.Hosting.Lifetime|Now listening on: https://localhost:5001 
2021-04-14 14:49:54.1756||INFO|Microsoft.Hosting.Lifetime|Now listening on: http://localhost:5000 
2021-04-14 14:49:54.1789||INFO|Microsoft.Hosting.Lifetime|Application started. Press Ctrl+C to shut down. 
2021-04-14 14:49:54.1789||INFO|Microsoft.Hosting.Lifetime|Hosting environment: Development 
2021-04-14 14:49:54.1789||INFO|Microsoft.Hosting.Lifetime|Content root path: D:\csharp\RestaurantAPI\'RestaurantAPI' 
2021-04-14 14:49:57.1856||INFO|_RestaurantAPI_.Authorization.MinimumAgeRequirementHandler|user   with date of birth: 01.05.2008 08:30:52 
2021-04-14 14:49:57.1856||INFO|_RestaurantAPI_.Authorization.MinimumAgeRequirementHandler|Authorisation succedded 
2021-04-14 14:50:12.0066||INFO|Microsoft.Hosting.Lifetime|Now listening on: https://localhost:5001 
2021-04-14 14:50:12.0425||INFO|Microsoft.Hosting.Lifetime|Now listening on: http://localhost:5000 
2021-04-14 14:50:12.0425||INFO|Microsoft.Hosting.Lifetime|Application started. Press Ctrl+C to shut down. 
2021-04-14 14:50:12.0425||INFO|Microsoft.Hosting.Lifetime|Hosting environment: Development 
2021-04-14 14:50:12.0425||INFO|Microsoft.Hosting.Lifetime|Content root path: D:\csharp\RestaurantAPI\'RestaurantAPI' 
2021-04-14 14:50:14.6585||INFO|_RestaurantAPI_.Authorization.MinimumAgeRequirementHandler|user   with date of birth: 01.05.2008 08:30:52 
2021-04-14 14:50:14.6585||INFO|_RestaurantAPI_.Authorization.MinimumAgeRequirementHandler|Authorisation succedded 
2021-04-14 14:50:35.9752||INFO|Microsoft.Hosting.Lifetime|Now listening on: https://localhost:5001 
2021-04-14 14:50:36.0100||INFO|Microsoft.Hosting.Lifetime|Now listening on: http://localhost:5000 
2021-04-14 14:50:36.0100||INFO|Microsoft.Hosting.Lifetime|Application started. Press Ctrl+C to shut down. 
2021-04-14 14:50:36.0100||INFO|Microsoft.Hosting.Lifetime|Hosting environment: Development 
2021-04-14 14:50:36.0100||INFO|Microsoft.Hosting.Lifetime|Content root path: D:\csharp\RestaurantAPI\'RestaurantAPI' 
2021-04-14 14:50:40.4932||INFO|_RestaurantAPI_.Authorization.MinimumAgeRequirementHandler|user   with date of birth: 02.01.1999 00:00:00 
2021-04-14 14:50:40.4932||INFO|_RestaurantAPI_.Authorization.MinimumAgeRequirementHandler|Authorisation succedded 
2021-04-14 14:50:59.5507||INFO|Microsoft.Hosting.Lifetime|Now listening on: https://localhost:5001 
2021-04-14 14:50:59.5803||INFO|Microsoft.Hosting.Lifetime|Now listening on: http://localhost:5000 
2021-04-14 14:50:59.5803||INFO|Microsoft.Hosting.Lifetime|Application started. Press Ctrl+C to shut down. 
2021-04-14 14:50:59.5819||INFO|Microsoft.Hosting.Lifetime|Hosting environment: Development 
2021-04-14 14:50:59.5819||INFO|Microsoft.Hosting.Lifetime|Content root path: D:\csharp\RestaurantAPI\'RestaurantAPI' 
2021-04-14 14:51:00.8187||INFO|_RestaurantAPI_.Authorization.MinimumAgeRequirementHandler|user   with date of birth: 02.01.1999 00:00:00 
2021-04-14 14:51:22.3744||INFO|Microsoft.Hosting.Lifetime|Now listening on: https://localhost:5001 
2021-04-14 14:51:22.4036||INFO|Microsoft.Hosting.Lifetime|Now listening on: http://localhost:5000 
2021-04-14 14:51:22.4036||INFO|Microsoft.Hosting.Lifetime|Application started. Press Ctrl+C to shut down. 
2021-04-14 14:51:22.4036||INFO|Microsoft.Hosting.Lifetime|Hosting environment: Development 
2021-04-14 14:51:22.4036||INFO|Microsoft.Hosting.Lifetime|Content root path: D:\csharp\RestaurantAPI\'RestaurantAPI' 
2021-04-14 14:51:24.8261||INFO|_RestaurantAPI_.Authorization.MinimumAgeRequirementHandler|user   with date of birth: 02.01.1999 00:00:00 
2021-04-14 14:51:24.8261||INFO|_RestaurantAPI_.Authorization.MinimumAgeRequirementHandler|Authorisation failed 
2021-04-14 14:51:42.1014||INFO|Microsoft.Hosting.Lifetime|Now listening on: https://localhost:5001 
2021-04-14 14:51:42.1269||INFO|Microsoft.Hosting.Lifetime|Now listening on: http://localhost:5000 
2021-04-14 14:51:42.1269||INFO|Microsoft.Hosting.Lifetime|Application started. Press Ctrl+C to shut down. 
2021-04-14 14:51:42.1269||INFO|Microsoft.Hosting.Lifetime|Hosting environment: Development 
2021-04-14 14:51:42.1269||INFO|Microsoft.Hosting.Lifetime|Content root path: D:\csharp\RestaurantAPI\'RestaurantAPI' 
2021-04-14 14:51:44.5830||INFO|_RestaurantAPI_.Authorization.MinimumAgeRequirementHandler|user   with date of birth: 02.01.1999 00:00:00 
2021-04-14 14:51:44.5830||INFO|_RestaurantAPI_.Authorization.MinimumAgeRequirementHandler|Authorisation failed 
2021-04-14 14:52:43.2284||INFO|Microsoft.Hosting.Lifetime|Now listening on: https://localhost:5001 
2021-04-14 14:52:43.2616||INFO|Microsoft.Hosting.Lifetime|Now listening on: http://localhost:5000 
2021-04-14 14:52:43.2616||INFO|Microsoft.Hosting.Lifetime|Application started. Press Ctrl+C to shut down. 
2021-04-14 14:52:43.2616||INFO|Microsoft.Hosting.Lifetime|Hosting environment: Development 
2021-04-14 14:52:43.2616||INFO|Microsoft.Hosting.Lifetime|Content root path: D:\csharp\RestaurantAPI\'RestaurantAPI' 
2021-04-14 14:52:44.8615||INFO|_RestaurantAPI_.Authorization.MinimumAgeRequirementHandler|user   with date of birth: 02.01.1999 00:00:00 
2021-04-14 14:52:44.8615||INFO|_RestaurantAPI_.Authorization.MinimumAgeRequirementHandler|Authorisation failed 
2021-04-14 14:53:56.4792||INFO|Microsoft.Hosting.Lifetime|Now listening on: https://localhost:5001 
2021-04-14 14:53:56.5029||INFO|Microsoft.Hosting.Lifetime|Now listening on: http://localhost:5000 
2021-04-14 14:53:56.5029||INFO|Microsoft.Hosting.Lifetime|Application started. Press Ctrl+C to shut down. 
2021-04-14 14:53:56.5042||INFO|Microsoft.Hosting.Lifetime|Hosting environment: Development 
2021-04-14 14:53:56.5042||INFO|Microsoft.Hosting.Lifetime|Content root path: D:\csharp\RestaurantAPI\'RestaurantAPI' 
2021-04-14 14:53:57.5274||INFO|_RestaurantAPI_.Authorization.MinimumAgeRequirementHandler|user   with date of birth: 02.01.1999 00:00:00 today, which is 14.04.2021 14:53:57 
2021-04-14 14:53:57.5274||INFO|_RestaurantAPI_.Authorization.MinimumAgeRequirementHandler|Authorisation failed 
2021-04-14 14:54:29.8170||INFO|Microsoft.Hosting.Lifetime|Now listening on: https://localhost:5001 
2021-04-14 14:54:29.8585||INFO|Microsoft.Hosting.Lifetime|Now listening on: http://localhost:5000 
2021-04-14 14:54:29.8585||INFO|Microsoft.Hosting.Lifetime|Application started. Press Ctrl+C to shut down. 
2021-04-14 14:54:29.8645||INFO|Microsoft.Hosting.Lifetime|Hosting environment: Development 
2021-04-14 14:54:29.8645||INFO|Microsoft.Hosting.Lifetime|Content root path: D:\csharp\RestaurantAPI\'RestaurantAPI' 
2021-04-14 14:54:32.4989||INFO|_RestaurantAPI_.Authorization.MinimumAgeRequirementHandler|user   with date of birth: 02.01.1999 00:00:00 today, which is 14.04.2021 14:54:32 
2021-04-14 14:54:51.3923||INFO|_RestaurantAPI_.Authorization.MinimumAgeRequirementHandler|Authorisation failed 
2021-04-14 14:54:51.4451||INFO|_RestaurantAPI_.Middleware.RequestTimedOut|Request [GET] at /api/restaurant took 19464ms 
2021-04-14 14:55:55.3124||INFO|Microsoft.Hosting.Lifetime|Now listening on: https://localhost:5001 
2021-04-14 14:55:55.3461||INFO|Microsoft.Hosting.Lifetime|Now listening on: http://localhost:5000 
2021-04-14 14:55:55.3497||INFO|Microsoft.Hosting.Lifetime|Application started. Press Ctrl+C to shut down. 
2021-04-14 14:55:55.3497||INFO|Microsoft.Hosting.Lifetime|Hosting environment: Development 
2021-04-14 14:55:55.3497||INFO|Microsoft.Hosting.Lifetime|Content root path: D:\csharp\RestaurantAPI\'RestaurantAPI' 
2021-04-14 14:57:32.5693||INFO|Microsoft.Hosting.Lifetime|Now listening on: https://localhost:5001 
2021-04-14 14:57:32.5963||INFO|Microsoft.Hosting.Lifetime|Now listening on: http://localhost:5000 
2021-04-14 14:57:32.5963||INFO|Microsoft.Hosting.Lifetime|Application started. Press Ctrl+C to shut down. 
2021-04-14 14:57:32.5963||INFO|Microsoft.Hosting.Lifetime|Hosting environment: Development 
2021-04-14 14:57:32.5963||INFO|Microsoft.Hosting.Lifetime|Content root path: D:\csharp\RestaurantAPI\'RestaurantAPI' 
2021-04-14 14:57:33.3657||INFO|_RestaurantAPI_.Authorization.MinimumAgeRequirementHandler|user   with date of birth: 02.01.1999 00:00:00 today, which is 14.04.2021 14:57:33 
2021-04-14 14:57:33.3657||INFO|_RestaurantAPI_.Authorization.MinimumAgeRequirementHandler|Authorisation failed 
2021-04-14 14:58:53.0936||INFO|Microsoft.Hosting.Lifetime|Now listening on: https://localhost:5001 
2021-04-14 14:58:53.1193||INFO|Microsoft.Hosting.Lifetime|Now listening on: http://localhost:5000 
2021-04-14 14:58:53.1193||INFO|Microsoft.Hosting.Lifetime|Application started. Press Ctrl+C to shut down. 
2021-04-14 14:58:53.1193||INFO|Microsoft.Hosting.Lifetime|Hosting environment: Development 
2021-04-14 14:58:53.1193||INFO|Microsoft.Hosting.Lifetime|Content root path: D:\csharp\RestaurantAPI\'RestaurantAPI' 
2021-04-14 14:58:57.1273||INFO|_RestaurantAPI_.Authorization.MinimumAgeRequirementHandler|user   with date of birth: 02.01.1999 00:00:00 today, which is 14.04.2021 14:58:57 
2021-04-14 14:58:57.1273||INFO|_RestaurantAPI_.Authorization.MinimumAgeRequirementHandler|Authorisation succedded 
2021-04-14 15:41:46.8517||INFO|Microsoft.Hosting.Lifetime|Now listening on: https://localhost:5001 
2021-04-14 15:41:46.8789||INFO|Microsoft.Hosting.Lifetime|Now listening on: http://localhost:5000 
2021-04-14 15:41:46.8803||INFO|Microsoft.Hosting.Lifetime|Application started. Press Ctrl+C to shut down. 
2021-04-14 15:41:46.8803||INFO|Microsoft.Hosting.Lifetime|Hosting environment: Development 
2021-04-14 15:41:46.8803||INFO|Microsoft.Hosting.Lifetime|Content root path: D:\csharp\RestaurantAPI\'RestaurantAPI' 
2021-04-14 15:45:51.1718||ERROR|_RestaurantAPI_.RestaurantService|Restaurant with id: 1004 DELETE action invoked 
2021-04-14 17:00:36.4775||INFO|Microsoft.Hosting.Lifetime|Now listening on: https://localhost:5001 
2021-04-14 17:00:36.5014||INFO|Microsoft.Hosting.Lifetime|Now listening on: http://localhost:5000 
2021-04-14 17:00:36.5014||INFO|Microsoft.Hosting.Lifetime|Application started. Press Ctrl+C to shut down. 
2021-04-14 17:00:36.5014||INFO|Microsoft.Hosting.Lifetime|Hosting environment: Development 
2021-04-14 17:00:36.5014||INFO|Microsoft.Hosting.Lifetime|Content root path: D:\csharp\RestaurantAPI\'RestaurantAPI' 
2021-04-14 18:57:54.3824||INFO|Microsoft.Hosting.Lifetime|Now listening on: https://localhost:5001 
2021-04-14 18:57:54.4259||INFO|Microsoft.Hosting.Lifetime|Now listening on: http://localhost:5000 
2021-04-14 18:57:54.4259||INFO|Microsoft.Hosting.Lifetime|Application started. Press Ctrl+C to shut down. 
2021-04-14 18:57:54.4259||INFO|Microsoft.Hosting.Lifetime|Hosting environment: Development 
2021-04-14 18:57:54.4259||INFO|Microsoft.Hosting.Lifetime|Content root path: D:\csharp\RestaurantAPI\'RestaurantAPI' 
2021-04-14 19:30:57.0732||INFO|_RestaurantAPI_.Authorization.MinimumNumberOfRestaurantsRequirementHandler|User   with 0 restaurants. 
2021-04-14 19:30:57.0732||INFO|_RestaurantAPI_.Authorization.MinimumNumberOfRestaurantsRequirementHandler|Authorisation failed 
2021-04-14 19:31:04.4203||INFO|_RestaurantAPI_.Authorization.MinimumNumberOfRestaurantsRequirementHandler|User   with 0 restaurants. 
2021-04-14 19:31:04.4203||INFO|_RestaurantAPI_.Authorization.MinimumNumberOfRestaurantsRequirementHandler|Authorisation failed 
2021-04-14 19:31:58.4457||INFO|_RestaurantAPI_.Authorization.MinimumNumberOfRestaurantsRequirementHandler|User   with 0 restaurants. 
2021-04-14 19:31:58.4457||INFO|_RestaurantAPI_.Authorization.MinimumNumberOfRestaurantsRequirementHandler|Authorisation failed 
2021-04-14 19:32:30.4076||INFO|_RestaurantAPI_.Authorization.MinimumNumberOfRestaurantsRequirementHandler|User   with 0 restaurants. 
2021-04-14 19:32:30.4085||INFO|_RestaurantAPI_.Authorization.MinimumNumberOfRestaurantsRequirementHandler|Authorisation failed 
2021-04-14 20:27:16.4527||INFO|_RestaurantAPI_.Authorization.MinimumNumberOfRestaurantsRequirementHandler|User   with 0 restaurants. 
2021-04-14 20:27:16.4527||INFO|_RestaurantAPI_.Authorization.MinimumNumberOfRestaurantsRequirementHandler|Authorisation failed 
2021-04-14 20:28:24.1601||INFO|_RestaurantAPI_.Authorization.MinimumNumberOfRestaurantsRequirementHandler|User   with 0 restaurants. 
2021-04-14 20:28:24.1601||INFO|_RestaurantAPI_.Authorization.MinimumNumberOfRestaurantsRequirementHandler|Authorisation failed 
2021-04-14 20:28:27.2026||INFO|_RestaurantAPI_.Authorization.MinimumNumberOfRestaurantsRequirementHandler|User   with 0 restaurants. 
2021-04-14 20:28:27.2026||INFO|_RestaurantAPI_.Authorization.MinimumNumberOfRestaurantsRequirementHandler|Authorisation failed 
2021-04-14 20:30:10.4501||INFO|Microsoft.Hosting.Lifetime|Now listening on: https://localhost:5001 
2021-04-14 20:30:10.5331||INFO|Microsoft.Hosting.Lifetime|Now listening on: http://localhost:5000 
2021-04-14 20:30:10.5484||INFO|Microsoft.Hosting.Lifetime|Application started. Press Ctrl+C to shut down. 
2021-04-14 20:30:10.5527||INFO|Microsoft.Hosting.Lifetime|Hosting environment: Development 
2021-04-14 20:30:10.5527||INFO|Microsoft.Hosting.Lifetime|Content root path: D:\csharp\RestaurantAPI\'RestaurantAPI' 
2021-04-14 20:36:22.7709||INFO|Microsoft.Hosting.Lifetime|Now listening on: https://localhost:5001 
2021-04-14 20:36:22.7964||INFO|Microsoft.Hosting.Lifetime|Now listening on: http://localhost:5000 
2021-04-14 20:36:22.7964||INFO|Microsoft.Hosting.Lifetime|Application started. Press Ctrl+C to shut down. 
2021-04-14 20:36:22.7964||INFO|Microsoft.Hosting.Lifetime|Hosting environment: Development 
2021-04-14 20:36:22.7964||INFO|Microsoft.Hosting.Lifetime|Content root path: D:\csharp\RestaurantAPI\'RestaurantAPI' 
2021-04-14 20:36:27.3759||INFO|_RestaurantAPI_.Authorization.MinimumAgeRequirementHandler|user   with date of birth: 02.01.1999 00:00:00 today, which is 14.04.2021 20:36:27 
2021-04-14 20:36:27.3759||INFO|_RestaurantAPI_.Authorization.MinimumAgeRequirementHandler|Authorisation succedded 
2021-04-14 20:36:39.6530||INFO|Microsoft.Hosting.Lifetime|Application is shutting down... 
2021-04-14 20:37:06.2280||INFO|Microsoft.Hosting.Lifetime|Now listening on: https://localhost:5001 
2021-04-14 20:37:06.2612||INFO|Microsoft.Hosting.Lifetime|Now listening on: http://localhost:5000 
2021-04-14 20:37:06.2612||INFO|Microsoft.Hosting.Lifetime|Application started. Press Ctrl+C to shut down. 
2021-04-14 20:37:06.2612||INFO|Microsoft.Hosting.Lifetime|Hosting environment: Development 
2021-04-14 20:37:06.2736||INFO|Microsoft.Hosting.Lifetime|Content root path: D:\csharp\RestaurantAPI\'RestaurantAPI' 
2021-04-14 20:37:11.9956||INFO|_RestaurantAPI_.Authorization.MinimumAgeRequirementHandler|user   with date of birth: 02.01.1999 00:00:00 today, which is 14.04.2021 20:37:11 
2021-04-14 20:37:11.9956||INFO|_RestaurantAPI_.Authorization.MinimumAgeRequirementHandler|Authorisation succedded 
2021-04-14 20:40:46.7248||INFO|Microsoft.Hosting.Lifetime|Now listening on: https://localhost:5001 
2021-04-14 20:40:46.7492||INFO|Microsoft.Hosting.Lifetime|Now listening on: http://localhost:5000 
2021-04-14 20:40:46.7492||INFO|Microsoft.Hosting.Lifetime|Application started. Press Ctrl+C to shut down. 
2021-04-14 20:40:46.7492||INFO|Microsoft.Hosting.Lifetime|Hosting environment: Development 
2021-04-14 20:40:46.7492||INFO|Microsoft.Hosting.Lifetime|Content root path: D:\csharp\RestaurantAPI\'RestaurantAPI' 
2021-04-14 20:41:13.0857||INFO|_RestaurantAPI_.Authorization.MinimumAgeRequirementHandler|user   with date of birth: 02.01.1999 00:00:00 today, which is 14.04.2021 20:41:13 
2021-04-14 20:41:13.0857||INFO|_RestaurantAPI_.Authorization.MinimumAgeRequirementHandler|Authorisation succedded 
2021-04-14 20:43:04.8517||INFO|Microsoft.Hosting.Lifetime|Now listening on: https://localhost:5001 
2021-04-14 20:43:04.8838||INFO|Microsoft.Hosting.Lifetime|Now listening on: http://localhost:5000 
2021-04-14 20:43:04.8838||INFO|Microsoft.Hosting.Lifetime|Application started. Press Ctrl+C to shut down. 
2021-04-14 20:43:04.8838||INFO|Microsoft.Hosting.Lifetime|Hosting environment: Development 
2021-04-14 20:43:04.8838||INFO|Microsoft.Hosting.Lifetime|Content root path: D:\csharp\RestaurantAPI\'RestaurantAPI' 
2021-04-14 20:43:14.8166||INFO|_RestaurantAPI_.Authorization.MinimumAgeRequirementHandler|user   with date of birth: 02.01.1999 00:00:00 today, which is 14.04.2021 20:43:14 
2021-04-14 20:43:14.8166||INFO|_RestaurantAPI_.Authorization.MinimumAgeRequirementHandler|Authorisation succedded 
2021-04-14 20:43:33.8809||INFO|Microsoft.Hosting.Lifetime|Now listening on: https://localhost:5001 
2021-04-14 20:43:33.9051||INFO|Microsoft.Hosting.Lifetime|Now listening on: http://localhost:5000 
2021-04-14 20:43:33.9051||INFO|Microsoft.Hosting.Lifetime|Application started. Press Ctrl+C to shut down. 
2021-04-14 20:43:33.9051||INFO|Microsoft.Hosting.Lifetime|Hosting environment: Development 
2021-04-14 20:43:33.9051||INFO|Microsoft.Hosting.Lifetime|Content root path: D:\csharp\RestaurantAPI\'RestaurantAPI' 
2021-04-14 20:43:38.2840||INFO|_RestaurantAPI_.Authorization.MinimumAgeRequirementHandler|user   with date of birth: 02.01.1999 00:00:00 today, which is 14.04.2021 20:43:38 
2021-04-14 20:43:38.2840||INFO|_RestaurantAPI_.Authorization.MinimumAgeRequirementHandler|Authorisation succedded 
2021-04-14 20:56:27.9212||INFO|Microsoft.Hosting.Lifetime|Now listening on: https://localhost:5001 
2021-04-14 20:56:27.9833||INFO|Microsoft.Hosting.Lifetime|Now listening on: http://localhost:5000 
2021-04-14 20:56:27.9833||INFO|Microsoft.Hosting.Lifetime|Application started. Press Ctrl+C to shut down. 
2021-04-14 20:56:27.9833||INFO|Microsoft.Hosting.Lifetime|Hosting environment: Development 
2021-04-14 20:56:27.9833||INFO|Microsoft.Hosting.Lifetime|Content root path: D:\csharp\RestaurantAPI\'RestaurantAPI' 
2021-04-14 20:56:35.1589||INFO|_RestaurantAPI_.Authorization.MinimumAgeRequirementHandler|user   with date of birth: 02.01.1999 00:00:00 today, which is 14.04.2021 20:56:35 
2021-04-14 20:56:35.1589||INFO|_RestaurantAPI_.Authorization.MinimumAgeRequirementHandler|Authorisation succedded 
2021-04-14 20:57:40.1914||INFO|Microsoft.Hosting.Lifetime|Now listening on: https://localhost:5001 
2021-04-14 20:57:40.2162||INFO|Microsoft.Hosting.Lifetime|Now listening on: http://localhost:5000 
2021-04-14 20:57:40.2162||INFO|Microsoft.Hosting.Lifetime|Application started. Press Ctrl+C to shut down. 
2021-04-14 20:57:40.2162||INFO|Microsoft.Hosting.Lifetime|Hosting environment: Development 
2021-04-14 20:57:40.2162||INFO|Microsoft.Hosting.Lifetime|Content root path: D:\csharp\RestaurantAPI\'RestaurantAPI' 
2021-04-14 20:57:46.6862||INFO|_RestaurantAPI_.Authorization.MinimumAgeRequirementHandler|user   with date of birth: 02.01.1999 00:00:00 today, which is 14.04.2021 20:57:46 
2021-04-14 20:57:46.6862||INFO|_RestaurantAPI_.Authorization.MinimumAgeRequirementHandler|Authorisation succedded 
2021-04-14 20:59:54.8440||INFO|Microsoft.Hosting.Lifetime|Now listening on: https://localhost:5001 
2021-04-14 20:59:54.9298||INFO|Microsoft.Hosting.Lifetime|Now listening on: http://localhost:5000 
2021-04-14 20:59:54.9298||INFO|Microsoft.Hosting.Lifetime|Application started. Press Ctrl+C to shut down. 
2021-04-14 20:59:54.9298||INFO|Microsoft.Hosting.Lifetime|Hosting environment: Development 
2021-04-14 20:59:54.9298||INFO|Microsoft.Hosting.Lifetime|Content root path: D:\csharp\RestaurantAPI\'RestaurantAPI' 
2021-04-14 21:00:14.3716||INFO|_RestaurantAPI_.Authorization.MinimumAgeRequirementHandler|user 12 with date of birth: 02.01.1999 00:00:00 today, which is 14.04.2021 21:00:14 
2021-04-14 21:00:14.3716||INFO|_RestaurantAPI_.Authorization.MinimumAgeRequirementHandler|Authorisation succedded 
2021-04-14 21:00:32.4711||INFO|Microsoft.Hosting.Lifetime|Now listening on: https://localhost:5001 
2021-04-14 21:00:32.4966||INFO|Microsoft.Hosting.Lifetime|Now listening on: http://localhost:5000 
2021-04-14 21:00:32.4966||INFO|Microsoft.Hosting.Lifetime|Application started. Press Ctrl+C to shut down. 
2021-04-14 21:00:32.4966||INFO|Microsoft.Hosting.Lifetime|Hosting environment: Development 
2021-04-14 21:00:32.4966||INFO|Microsoft.Hosting.Lifetime|Content root path: D:\csharp\RestaurantAPI\'RestaurantAPI' 
2021-04-14 21:00:35.9282||INFO|_RestaurantAPI_.Authorization.MinimumAgeRequirementHandler|user   with date of birth: 02.01.1999 00:00:00 today, which is 14.04.2021 21:00:35 
2021-04-14 21:00:35.9282||INFO|_RestaurantAPI_.Authorization.MinimumAgeRequirementHandler|Authorisation succedded 
2021-04-14 21:01:04.6320||INFO|Microsoft.Hosting.Lifetime|Now listening on: https://localhost:5001 
2021-04-14 21:01:04.6561||INFO|Microsoft.Hosting.Lifetime|Now listening on: http://localhost:5000 
2021-04-14 21:01:04.6561||INFO|Microsoft.Hosting.Lifetime|Application started. Press Ctrl+C to shut down. 
2021-04-14 21:01:04.6561||INFO|Microsoft.Hosting.Lifetime|Hosting environment: Development 
2021-04-14 21:01:04.6585||INFO|Microsoft.Hosting.Lifetime|Content root path: D:\csharp\RestaurantAPI\'RestaurantAPI' 
2021-04-14 21:01:08.1276||INFO|_RestaurantAPI_.Authorization.MinimumAgeRequirementHandler|user   with date of birth: 02.01.1999 00:00:00 today, which is 14.04.2021 21:01:08 
2021-04-14 21:01:08.1276||INFO|_RestaurantAPI_.Authorization.MinimumAgeRequirementHandler|Authorisation succedded 
2021-04-14 21:01:19.6971||INFO|Microsoft.Hosting.Lifetime|Application is shutting down... 
2021-04-14 21:06:11.7740||INFO|Microsoft.Hosting.Lifetime|Now listening on: https://localhost:5001 
2021-04-14 21:06:11.7969||INFO|Microsoft.Hosting.Lifetime|Now listening on: http://localhost:5000 
2021-04-14 21:06:11.7986||INFO|Microsoft.Hosting.Lifetime|Application started. Press Ctrl+C to shut down. 
2021-04-14 21:06:11.7986||INFO|Microsoft.Hosting.Lifetime|Hosting environment: Development 
2021-04-14 21:06:11.7986||INFO|Microsoft.Hosting.Lifetime|Content root path: D:\csharp\RestaurantAPI\'RestaurantAPI' 
2021-04-14 21:06:22.3195||INFO|_RestaurantAPI_.Authorization.MinimumAgeRequirementHandler|user   with date of birth: 02.01.1999 00:00:00 today, which is 14.04.2021 21:06:22 
2021-04-14 21:06:22.3195||INFO|_RestaurantAPI_.Authorization.MinimumAgeRequirementHandler|Authorisation succedded 
2021-04-14 21:08:33.4887||INFO|Microsoft.Hosting.Lifetime|Now listening on: https://localhost:5001 
2021-04-14 21:08:33.5832||INFO|Microsoft.Hosting.Lifetime|Now listening on: http://localhost:5000 
2021-04-14 21:08:33.5832||INFO|Microsoft.Hosting.Lifetime|Application started. Press Ctrl+C to shut down. 
2021-04-14 21:08:33.5832||INFO|Microsoft.Hosting.Lifetime|Hosting environment: Development 
2021-04-14 21:08:33.6001||INFO|Microsoft.Hosting.Lifetime|Content root path: D:\csharp\RestaurantAPI\'RestaurantAPI' 
2021-04-14 21:57:12.7174||INFO|Microsoft.Hosting.Lifetime|Now listening on: https://localhost:5001 
2021-04-14 21:57:12.7538||INFO|Microsoft.Hosting.Lifetime|Now listening on: http://localhost:5000 
2021-04-14 21:57:12.7538||INFO|Microsoft.Hosting.Lifetime|Application started. Press Ctrl+C to shut down. 
2021-04-14 21:57:12.7538||INFO|Microsoft.Hosting.Lifetime|Hosting environment: Development 
2021-04-14 21:57:12.7538||INFO|Microsoft.Hosting.Lifetime|Content root path: D:\csharp\RestaurantAPI\'RestaurantAPI' 
2021-04-14 21:57:21.6196||ERROR|_RestaurantAPI_.Middleware.ErrorHandlingMiddleware|Object reference not set to an instance of an object. System.NullReferenceException: Object reference not set to an instance of an object.
   at _RestaurantAPI_.Authorization.MinimumAgeRequirementHandler.HandleRequirementAsync(AuthorizationHandlerContext context, MinimumAgeRequirement requirement) in D:\csharp\RestaurantAPI\'RestaurantAPI'\Authorization\MinimumAgeRequirementHandler.cs:line 22
   at Microsoft.AspNetCore.Authorization.AuthorizationHandler`1.HandleAsync(AuthorizationHandlerContext context)
   at Microsoft.AspNetCore.Authorization.DefaultAuthorizationService.AuthorizeAsync(ClaimsPrincipal user, Object resource, IEnumerable`1 requirements)
   at Microsoft.AspNetCore.Authorization.Policy.PolicyEvaluator.AuthorizeAsync(AuthorizationPolicy policy, AuthenticateResult authenticationResult, HttpContext context, Object resource)
   at Microsoft.AspNetCore.Authorization.AuthorizationMiddleware.Invoke(HttpContext context)
   at Swashbuckle.AspNetCore.SwaggerUI.SwaggerUIMiddleware.Invoke(HttpContext httpContext)
   at Swashbuckle.AspNetCore.Swagger.SwaggerMiddleware.Invoke(HttpContext httpContext, ISwaggerProvider swaggerProvider)
   at Microsoft.AspNetCore.Authentication.AuthenticationMiddleware.Invoke(HttpContext context)
   at _RestaurantAPI_.Middleware.RequestTimedOut.InvokeAsync(HttpContext context, RequestDelegate next) in D:\csharp\RestaurantAPI\'RestaurantAPI'\Middleware\RequestTimedOut.cs:line 25
   at Microsoft.AspNetCore.Builder.UseMiddlewareExtensions.<>c__DisplayClass6_1.<<UseMiddlewareInterface>b__1>d.MoveNext()
--- End of stack trace from previous location ---
   at _RestaurantAPI_.Middleware.ErrorHandlingMiddleware.InvokeAsync(HttpContext context, RequestDelegate next) in D:\csharp\RestaurantAPI\'RestaurantAPI'\Middleware\ErrorHandlingMiddleware.cs:line 23
2021-04-14 21:58:09.4976||INFO|_RestaurantAPI_.Authorization.MinimumAgeRequirementHandler|user with date of birth: 02.01.1999 00:00:00 today, which is 14.04.2021 21:58:09 
2021-04-14 21:58:09.4976||INFO|_RestaurantAPI_.Authorization.MinimumAgeRequirementHandler|Authorisation succedded 
2021-04-14 21:58:41.7265||INFO|Microsoft.Hosting.Lifetime|Now listening on: https://localhost:5001 
2021-04-14 21:58:41.7754||INFO|Microsoft.Hosting.Lifetime|Now listening on: http://localhost:5000 
2021-04-14 21:58:41.7785||INFO|Microsoft.Hosting.Lifetime|Application started. Press Ctrl+C to shut down. 
2021-04-14 21:58:41.7785||INFO|Microsoft.Hosting.Lifetime|Hosting environment: Development 
2021-04-14 21:58:41.7785||INFO|Microsoft.Hosting.Lifetime|Content root path: D:\csharp\RestaurantAPI\'RestaurantAPI' 
2021-04-14 21:58:45.8384||INFO|_RestaurantAPI_.Authorization.MinimumAgeRequirementHandler|user admin@admin.pl with date of birth: 02.01.1999 00:00:00 today, which is 14.04.2021 21:58:45 
2021-04-14 21:58:45.8384||INFO|_RestaurantAPI_.Authorization.MinimumAgeRequirementHandler|Authorisation succedded 
2021-04-14 21:59:24.7733||INFO|Microsoft.Hosting.Lifetime|Now listening on: https://localhost:5001 
2021-04-14 21:59:24.7980||INFO|Microsoft.Hosting.Lifetime|Now listening on: http://localhost:5000 
2021-04-14 21:59:24.7980||INFO|Microsoft.Hosting.Lifetime|Application started. Press Ctrl+C to shut down. 
2021-04-14 21:59:24.7980||INFO|Microsoft.Hosting.Lifetime|Hosting environment: Development 
2021-04-14 21:59:24.7980||INFO|Microsoft.Hosting.Lifetime|Content root path: D:\csharp\RestaurantAPI\'RestaurantAPI' 
2021-04-14 21:59:34.7002||INFO|_RestaurantAPI_.Authorization.MinimumAgeRequirementHandler|user admin@admin.pl with date of birth: 02.01.1999 00:00:00 today, which is 14.04.2021 21:59:34 
2021-04-14 21:59:34.7002||INFO|_RestaurantAPI_.Authorization.MinimumAgeRequirementHandler|Authorisation succedded 
2021-04-14 22:00:57.7388||INFO|Microsoft.Hosting.Lifetime|Now listening on: https://localhost:5001 
2021-04-14 22:00:57.7628||INFO|Microsoft.Hosting.Lifetime|Now listening on: http://localhost:5000 
2021-04-14 22:00:57.7628||INFO|Microsoft.Hosting.Lifetime|Application started. Press Ctrl+C to shut down. 
2021-04-14 22:00:57.7628||INFO|Microsoft.Hosting.Lifetime|Hosting environment: Development 
2021-04-14 22:00:57.7628||INFO|Microsoft.Hosting.Lifetime|Content root path: D:\csharp\RestaurantAPI\'RestaurantAPI' 
2021-04-14 22:01:00.9612||INFO|_RestaurantAPI_.Authorization.MinimumNumberOfRestaurantsRequirementHandler|User admin@admin.pl with 4 restaurants. 
2021-04-14 22:01:00.9612||INFO|_RestaurantAPI_.Authorization.MinimumNumberOfRestaurantsRequirementHandler|Authorisation succedded 
2021-04-14 22:02:28.1204||INFO|Microsoft.Hosting.Lifetime|Now listening on: https://localhost:5001 
2021-04-14 22:02:28.1453||INFO|Microsoft.Hosting.Lifetime|Now listening on: http://localhost:5000 
2021-04-14 22:02:28.1453||INFO|Microsoft.Hosting.Lifetime|Application started. Press Ctrl+C to shut down. 
2021-04-14 22:02:28.1453||INFO|Microsoft.Hosting.Lifetime|Hosting environment: Development 
2021-04-14 22:02:28.1453||INFO|Microsoft.Hosting.Lifetime|Content root path: D:\csharp\RestaurantAPI\'RestaurantAPI' 
2021-04-14 22:02:51.9923||INFO|Microsoft.Hosting.Lifetime|Now listening on: https://localhost:5001 
2021-04-14 22:02:52.0164||INFO|Microsoft.Hosting.Lifetime|Now listening on: http://localhost:5000 
2021-04-14 22:02:52.0164||INFO|Microsoft.Hosting.Lifetime|Application started. Press Ctrl+C to shut down. 
2021-04-14 22:02:52.0164||INFO|Microsoft.Hosting.Lifetime|Hosting environment: Development 
2021-04-14 22:02:52.0164||INFO|Microsoft.Hosting.Lifetime|Content root path: D:\csharp\RestaurantAPI\'RestaurantAPI' 
